<?xml version="1.0" encoding="UTF-8"?>
<!-- Generated by org.testng.reporters.JUnitReportReporter -->
<testsuite hostname="ACROlap32" failures="0" tests="4" name="testngdemos.TestDemo" time="0.056" errors="0" timestamp="28 Aug 2020 09:58:29 GMT" skipped="0">
  <testcase classname="testngdemos.TestDemo" name="test2" time="0.008"/>
  <testcase classname="testngdemos.TestDemo" name="test2" time="0.008"/>
  <testcase classname="testngdemos.TestDemo" name="test1" time="0.012"/>
  <testcase classname="testngdemos.TestDemo" name="test1" time="0.028"/>
</testsuite> <!-- testngdemos.TestDemo -->
