<?xml version="1.0" encoding="UTF-8"?>
<!-- Generated by org.testng.reporters.JUnitReportReporter -->
<testsuite hostname="ACROlap32" failures="0" tests="2" name="testngdemos.TestDemo3" time="0.015" errors="0" timestamp="28 Aug 2020 08:45:22 GMT" skipped="0">
  <testcase classname="testngdemos.TestDemo3" name="testPr1" time="0.012"/>
  <testcase classname="testngdemos.TestDemo3" name="testPr2" time="0.003"/>
</testsuite> <!-- testngdemos.TestDemo3 -->
