<?xml version="1.0" encoding="UTF-8"?>
<!-- Generated by org.testng.reporters.JUnitReportReporter -->
<testsuite hostname="ACROlap32" failures="0" tests="1" name="com.brainmentors.FirstTest" time="0.014" errors="0" timestamp="28 Aug 2020 07:36:50 GMT" skipped="0">
  <testcase classname="com.brainmentors.FirstTest" name="testlogin" time="0.014"/>
</testsuite> <!-- com.brainmentors.FirstTest -->
